<?xml version="1.0" encoding="UTF-8"?>
<!-- Generated by org.testng.reporters.JUnitReportReporter -->
<testsuite hostname="LAPTOP-HC235GC5" failures="0" tests="1" name="testCases.TC005_TransferFundsTest" time="1.781" errors="0" timestamp="2025-08-09T22:05:48 IST" skipped="0">
  <testcase classname="testCases.TC005_TransferFundsTest" name="verify_transferFunds" time="1.781"/>
</testsuite> <!-- testCases.TC005_TransferFundsTest -->
