<?xml version="1.0" encoding="UTF-8"?>
<!-- Generated by org.testng.reporters.JUnitReportReporter -->
<testsuite hostname="LAPTOP-HC235GC5" failures="0" tests="1" name="testCases.TC002_CustomerLoginTest" time="1.812" errors="0" timestamp="2025-08-09T22:05:48 IST" skipped="0">
  <testcase classname="testCases.TC002_CustomerLoginTest" name="verify_customer_login" time="1.812"/>
</testsuite> <!-- testCases.TC002_CustomerLoginTest -->
