<?xml version="1.0" encoding="UTF-8"?>
<!-- Generated by org.testng.reporters.JUnitReportReporter -->
<testsuite hostname="LAPTOP-HC235GC5" failures="0" tests="1" name="testCases.TC004_OpenNewAccountTest" time="3.220" errors="0" timestamp="2025-08-09T22:05:48 IST" skipped="0">
  <testcase classname="testCases.TC004_OpenNewAccountTest" name="verify_openNewAccount" time="3.220"/>
</testsuite> <!-- testCases.TC004_OpenNewAccountTest -->
